{"C:\\Users\\ADANNA\\Documents\\GENEYSIS-LEARNABLE-WORKS\\Casual-Web-Game-Platform\\backend\\src\\app.ts": {"path":"C:\\Users\\ADANNA\\Documents\\GENEYSIS-LEARNABLE-WORKS\\Casual-Web-Game-Platform\\backend\\src\\app.ts","statementMap":{"0":{"start":{"line":1,"column":0},"end":{"line":1,"column":66}},"1":{"start":{"line":2,"column":0},"end":{"line":2,"column":24}},"2":{"start":{"line":3,"column":0},"end":{"line":3,"column":24}},"3":{"start":{"line":4,"column":0},"end":{"line":4,"column":46}},"4":{"start":{"line":5,"column":0},"end":{"line":5,"column":46}},"5":{"start":{"line":6,"column":0},"end":{"line":6,"column":52}},"6":{"start":{"line":7,"column":0},"end":{"line":7,"column":60}},"7":{"start":{"line":8,"column":0},"end":{"line":8,"column":46}},"8":{"start":{"line":9,"column":0},"end":{"line":9,"column":43}},"9":{"start":{"line":10,"column":0},"end":{"line":10,"column":26}},"10":{"start":{"line":12,"column":25},"end":{"line":12,"column":34}},"11":{"start":{"line":15,"column":24},"end":{"line":15,"column":79}},"12":{"start":{"line":18,"column":0},"end":{"line":18,"column":51}},"13":{"start":{"line":19,"column":0},"end":{"line":19,"column":24}},"14":{"start":{"line":22,"column":0},"end":{"line":22,"column":29}},"15":{"start":{"line":23,"column":0},"end":{"line":23,"column":30}},"16":{"start":{"line":24,"column":0},"end":{"line":24,"column":36}},"17":{"start":{"line":25,"column":0},"end":{"line":25,"column":43}},"18":{"start":{"line":26,"column":0},"end":{"line":26,"column":29}},"19":{"start":{"line":29,"column":0},"end":{"line":29,"column":72}},"20":{"start":{"line":32,"column":0},"end":{"line":34,"column":3}},"21":{"start":{"line":33,"column":2},"end":{"line":33,"column":59}},"22":{"start":{"line":36,"column":0},"end":{"line":36,"column":19}}},"fnMap":{"0":{"name":"(anonymous_1)","decl":{"start":{"line":32,"column":13},"end":{"line":32,"column":14}},"loc":{"start":{"line":32,"column":46},"end":{"line":34,"column":1}}}},"branchMap":{},"s":{"0":3,"1":3,"2":3,"3":3,"4":3,"5":3,"6":3,"7":3,"8":3,"9":3,"10":3,"11":3,"12":3,"13":3,"14":3,"15":3,"16":3,"17":3,"18":3,"19":3,"20":3,"21":0,"22":3},"f":{"0":0},"b":{}}
,"C:\\Users\\ADANNA\\Documents\\GENEYSIS-LEARNABLE-WORKS\\Casual-Web-Game-Platform\\backend\\src\\config\\env.ts": {"path":"C:\\Users\\ADANNA\\Documents\\GENEYSIS-LEARNABLE-WORKS\\Casual-Web-Game-Platform\\backend\\src\\config\\env.ts","statementMap":{"0":{"start":{"line":1,"column":0},"end":{"line":1,"column":28}},"1":{"start":{"line":2,"column":0},"end":{"line":2,"column":16}}},"fnMap":{},"branchMap":{},"s":{"0":3,"1":3},"f":{},"b":{}}
,"C:\\Users\\ADANNA\\Documents\\GENEYSIS-LEARNABLE-WORKS\\Casual-Web-Game-Platform\\backend\\src\\controllers\\auth.controller.ts": {"path":"C:\\Users\\ADANNA\\Documents\\GENEYSIS-LEARNABLE-WORKS\\Casual-Web-Game-Platform\\backend\\src\\controllers\\auth.controller.ts","statementMap":{"0":{"start":{"line":2,"column":0},"end":{"line":2,"column":64}},"1":{"start":{"line":3,"column":0},"end":{"line":3,"column":null}},"2":{"start":{"line":9,"column":44},"end":{"line":35,"column":2}},"3":{"start":{"line":12,"column":4},"end":{"line":35,"column":2}},"4":{"start":{"line":13,"column":17},"end":{"line":13,"column":51}},"5":{"start":{"line":15,"column":2},"end":{"line":21,"column":3}},"6":{"start":{"line":16,"column":4},"end":{"line":19,"column":7}},"7":{"start":{"line":20,"column":4},"end":{"line":20,"column":11}},"8":{"start":{"line":23,"column":40},"end":{"line":23,"column":51}},"9":{"start":{"line":25,"column":2},"end":{"line":34,"column":3}},"10":{"start":{"line":26,"column":28},"end":{"line":29,"column":null}},"11":{"start":{"line":31,"column":4},"end":{"line":31,"column":70}},"12":{"start":{"line":33,"column":4},"end":{"line":33,"column":78}},"13":{"start":{"line":9,"column":13},"end":{"line":9,"column":44}},"14":{"start":{"line":38,"column":41},"end":{"line":60,"column":2}},"15":{"start":{"line":41,"column":4},"end":{"line":60,"column":2}},"16":{"start":{"line":42,"column":17},"end":{"line":42,"column":48}},"17":{"start":{"line":44,"column":2},"end":{"line":50,"column":3}},"18":{"start":{"line":45,"column":4},"end":{"line":48,"column":7}},"19":{"start":{"line":49,"column":4},"end":{"line":49,"column":11}},"20":{"start":{"line":52,"column":30},"end":{"line":52,"column":41}},"21":{"start":{"line":54,"column":2},"end":{"line":59,"column":3}},"22":{"start":{"line":55,"column":28},"end":{"line":55,"column":67}},"23":{"start":{"line":56,"column":4},"end":{"line":56,"column":71}},"24":{"start":{"line":58,"column":4},"end":{"line":58,"column":71}},"25":{"start":{"line":38,"column":13},"end":{"line":38,"column":41}}},"fnMap":{"0":{"name":"(anonymous_7)","decl":{"start":{"line":9,"column":44},"end":{"line":9,"column":null}},"loc":{"start":{"line":12,"column":4},"end":{"line":35,"column":2}}},"1":{"name":"(anonymous_8)","decl":{"start":{"line":12,"column":4},"end":{"line":12,"column":null}},"loc":{"start":{"line":12,"column":4},"end":{"line":35,"column":1}}},"2":{"name":"(anonymous_9)","decl":{"start":{"line":38,"column":41},"end":{"line":38,"column":null}},"loc":{"start":{"line":41,"column":4},"end":{"line":60,"column":2}}},"3":{"name":"(anonymous_10)","decl":{"start":{"line":41,"column":4},"end":{"line":41,"column":null}},"loc":{"start":{"line":41,"column":4},"end":{"line":60,"column":1}}}},"branchMap":{"0":{"loc":{"start":{"line":15,"column":2},"end":{"line":21,"column":3}},"type":"if","locations":[{"start":{"line":15,"column":2},"end":{"line":21,"column":3}}]},"1":{"loc":{"start":{"line":33,"column":36},"end":{"line":33,"column":74}},"type":"binary-expr","locations":[{"start":{"line":33,"column":36},"end":{"line":33,"column":49}},{"start":{"line":33,"column":53},"end":{"line":33,"column":74}}]},"2":{"loc":{"start":{"line":44,"column":2},"end":{"line":50,"column":3}},"type":"if","locations":[{"start":{"line":44,"column":2},"end":{"line":50,"column":3}}]},"3":{"loc":{"start":{"line":58,"column":36},"end":{"line":58,"column":67}},"type":"binary-expr","locations":[{"start":{"line":58,"column":36},"end":{"line":58,"column":49}},{"start":{"line":58,"column":53},"end":{"line":58,"column":67}}]}},"s":{"0":3,"1":3,"2":3,"3":0,"4":0,"5":0,"6":0,"7":0,"8":0,"9":0,"10":0,"11":0,"12":0,"13":3,"14":3,"15":0,"16":0,"17":0,"18":0,"19":0,"20":0,"21":0,"22":0,"23":0,"24":0,"25":3},"f":{"0":0,"1":0,"2":0,"3":0},"b":{"0":[0],"1":[0,0],"2":[0],"3":[0,0]}}
,"C:\\Users\\ADANNA\\Documents\\GENEYSIS-LEARNABLE-WORKS\\Casual-Web-Game-Platform\\backend\\src\\controllers\\game.controller.ts": {"path":"C:\\Users\\ADANNA\\Documents\\GENEYSIS-LEARNABLE-WORKS\\Casual-Web-Game-Platform\\backend\\src\\controllers\\game.controller.ts","statementMap":{"0":{"start":{"line":2,"column":0},"end":{"line":2,"column":40}},"1":{"start":{"line":5,"column":27},"end":{"line":15,"column":2}},"2":{"start":{"line":8,"column":19},"end":{"line":15,"column":2}},"3":{"start":{"line":9,"column":2},"end":{"line":14,"column":3}},"4":{"start":{"line":10,"column":18},"end":{"line":10,"column":35}},"5":{"start":{"line":11,"column":4},"end":{"line":11,"column":32}},"6":{"start":{"line":13,"column":4},"end":{"line":13,"column":61}},"7":{"start":{"line":5,"column":13},"end":{"line":5,"column":27}},"8":{"start":{"line":18,"column":29},"end":{"line":35,"column":2}},"9":{"start":{"line":21,"column":19},"end":{"line":35,"column":2}},"10":{"start":{"line":22,"column":19},"end":{"line":22,"column":29}},"11":{"start":{"line":24,"column":2},"end":{"line":34,"column":3}},"12":{"start":{"line":25,"column":17},"end":{"line":25,"column":45}},"13":{"start":{"line":26,"column":4},"end":{"line":29,"column":5}},"14":{"start":{"line":27,"column":6},"end":{"line":27,"column":58}},"15":{"start":{"line":28,"column":6},"end":{"line":28,"column":13}},"16":{"start":{"line":31,"column":4},"end":{"line":31,"column":31}},"17":{"start":{"line":33,"column":4},"end":{"line":33,"column":61}},"18":{"start":{"line":18,"column":13},"end":{"line":18,"column":29}}},"fnMap":{"0":{"name":"(anonymous_8)","decl":{"start":{"line":5,"column":27},"end":{"line":5,"column":null}},"loc":{"start":{"line":8,"column":19},"end":{"line":15,"column":2}}},"1":{"name":"(anonymous_9)","decl":{"start":{"line":8,"column":19},"end":{"line":8,"column":null}},"loc":{"start":{"line":8,"column":19},"end":{"line":15,"column":1}}},"2":{"name":"(anonymous_10)","decl":{"start":{"line":18,"column":29},"end":{"line":18,"column":null}},"loc":{"start":{"line":21,"column":19},"end":{"line":35,"column":2}}},"3":{"name":"(anonymous_11)","decl":{"start":{"line":21,"column":19},"end":{"line":21,"column":null}},"loc":{"start":{"line":21,"column":19},"end":{"line":35,"column":1}}}},"branchMap":{"0":{"loc":{"start":{"line":26,"column":4},"end":{"line":29,"column":5}},"type":"if","locations":[{"start":{"line":26,"column":4},"end":{"line":29,"column":5}}]}},"s":{"0":3,"1":3,"2":0,"3":0,"4":0,"5":0,"6":0,"7":3,"8":3,"9":0,"10":0,"11":0,"12":0,"13":0,"14":0,"15":0,"16":0,"17":0,"18":3},"f":{"0":0,"1":0,"2":0,"3":0},"b":{"0":[0]}}
,"C:\\Users\\ADANNA\\Documents\\GENEYSIS-LEARNABLE-WORKS\\Casual-Web-Game-Platform\\backend\\src\\controllers\\leaderboard.controller.ts": {"path":"C:\\Users\\ADANNA\\Documents\\GENEYSIS-LEARNABLE-WORKS\\Casual-Web-Game-Platform\\backend\\src\\controllers\\leaderboard.controller.ts","statementMap":{"0":{"start":{"line":2,"column":0},"end":{"line":2,"column":54}},"1":{"start":{"line":3,"column":0},"end":{"line":3,"column":40}},"2":{"start":{"line":6,"column":30},"end":{"line":21,"column":2}},"3":{"start":{"line":9,"column":19},"end":{"line":21,"column":2}},"4":{"start":{"line":10,"column":21},"end":{"line":10,"column":31}},"5":{"start":{"line":11,"column":2},"end":{"line":20,"column":3}},"6":{"start":{"line":12,"column":24},"end":{"line":15,"column":16}},"7":{"start":{"line":17,"column":4},"end":{"line":17,"column":26}},"8":{"start":{"line":19,"column":4},"end":{"line":19,"column":69}},"9":{"start":{"line":6,"column":13},"end":{"line":6,"column":30}},"10":{"start":{"line":24,"column":25},"end":{"line":54,"column":2}},"11":{"start":{"line":24,"column":78},"end":{"line":54,"column":2}},"12":{"start":{"line":25,"column":28},"end":{"line":25,"column":36}},"13":{"start":{"line":26,"column":2},"end":{"line":29,"column":3}},"14":{"start":{"line":27,"column":4},"end":{"line":27,"column":54}},"15":{"start":{"line":28,"column":4},"end":{"line":28,"column":11}},"16":{"start":{"line":31,"column":36},"end":{"line":31,"column":44}},"17":{"start":{"line":33,"column":2},"end":{"line":53,"column":3}},"18":{"start":{"line":34,"column":17},"end":{"line":34,"column":44}},"19":{"start":{"line":35,"column":4},"end":{"line":38,"column":5}},"20":{"start":{"line":36,"column":6},"end":{"line":36,"column":58}},"21":{"start":{"line":37,"column":6},"end":{"line":37,"column":13}},"22":{"start":{"line":40,"column":21},"end":{"line":45,"column":6}},"23":{"start":{"line":47,"column":4},"end":{"line":47,"column":35}},"24":{"start":{"line":49,"column":18},"end":{"line":49,"column":30}},"25":{"start":{"line":50,"column":4},"end":{"line":52,"column":71}},"26":{"start":{"line":24,"column":13},"end":{"line":24,"column":25}}},"fnMap":{"0":{"name":"(anonymous_8)","decl":{"start":{"line":6,"column":30},"end":{"line":6,"column":null}},"loc":{"start":{"line":9,"column":19},"end":{"line":21,"column":2}}},"1":{"name":"(anonymous_9)","decl":{"start":{"line":9,"column":19},"end":{"line":9,"column":null}},"loc":{"start":{"line":9,"column":19},"end":{"line":21,"column":1}}},"2":{"name":"(anonymous_10)","decl":{"start":{"line":24,"column":25},"end":{"line":24,"column":32}},"loc":{"start":{"line":24,"column":78},"end":{"line":54,"column":2}}},"3":{"name":"(anonymous_11)","decl":{"start":{"line":24,"column":78},"end":{"line":24,"column":null}},"loc":{"start":{"line":24,"column":78},"end":{"line":54,"column":1}}}},"branchMap":{"0":{"loc":{"start":{"line":26,"column":2},"end":{"line":29,"column":3}},"type":"if","locations":[{"start":{"line":26,"column":2},"end":{"line":29,"column":3}}]},"1":{"loc":{"start":{"line":35,"column":4},"end":{"line":38,"column":5}},"type":"if","locations":[{"start":{"line":35,"column":4},"end":{"line":38,"column":5}}]}},"s":{"0":3,"1":3,"2":3,"3":0,"4":0,"5":0,"6":0,"7":0,"8":0,"9":3,"10":3,"11":0,"12":0,"13":0,"14":0,"15":0,"16":0,"17":0,"18":0,"19":0,"20":0,"21":0,"22":0,"23":0,"24":0,"25":0,"26":3},"f":{"0":0,"1":0,"2":0,"3":0},"b":{"0":[0],"1":[0]}}
,"C:\\Users\\ADANNA\\Documents\\GENEYSIS-LEARNABLE-WORKS\\Casual-Web-Game-Platform\\backend\\src\\controllers\\session.controller.ts": {"path":"C:\\Users\\ADANNA\\Documents\\GENEYSIS-LEARNABLE-WORKS\\Casual-Web-Game-Platform\\backend\\src\\controllers\\session.controller.ts","statementMap":{"0":{"start":{"line":2,"column":0},"end":{"line":2,"column":46}},"1":{"start":{"line":3,"column":0},"end":{"line":3,"column":40}},"2":{"start":{"line":4,"column":0},"end":{"line":4,"column":40}},"3":{"start":{"line":7,"column":43},"end":{"line":44,"column":2}},"4":{"start":{"line":10,"column":19},"end":{"line":44,"column":2}},"5":{"start":{"line":11,"column":69},"end":{"line":11,"column":77}},"6":{"start":{"line":13,"column":2},"end":{"line":43,"column":3}},"7":{"start":{"line":15,"column":23},"end":{"line":15,"column":50}},"8":{"start":{"line":16,"column":4},"end":{"line":19,"column":5}},"9":{"start":{"line":17,"column":6},"end":{"line":17,"column":58}},"10":{"start":{"line":18,"column":6},"end":{"line":18,"column":13}},"11":{"start":{"line":21,"column":23},"end":{"line":28,"column":6}},"12":{"start":{"line":30,"column":4},"end":{"line":30,"column":28}},"13":{"start":{"line":33,"column":17},"end":{"line":33,"column":44}},"14":{"start":{"line":34,"column":4},"end":{"line":38,"column":5}},"15":{"start":{"line":35,"column":6},"end":{"line":35,"column":39}},"16":{"start":{"line":36,"column":6},"end":{"line":36,"column":37}},"17":{"start":{"line":37,"column":6},"end":{"line":37,"column":24}},"18":{"start":{"line":40,"column":4},"end":{"line":40,"column":76}},"19":{"start":{"line":42,"column":4},"end":{"line":42,"column":61}},"20":{"start":{"line":7,"column":13},"end":{"line":7,"column":43}}},"fnMap":{"0":{"name":"(anonymous_8)","decl":{"start":{"line":7,"column":43},"end":{"line":7,"column":null}},"loc":{"start":{"line":10,"column":19},"end":{"line":44,"column":2}}},"1":{"name":"(anonymous_9)","decl":{"start":{"line":10,"column":19},"end":{"line":10,"column":null}},"loc":{"start":{"line":10,"column":19},"end":{"line":44,"column":1}}}},"branchMap":{"0":{"loc":{"start":{"line":16,"column":4},"end":{"line":19,"column":5}},"type":"if","locations":[{"start":{"line":16,"column":4},"end":{"line":19,"column":5}}]},"1":{"loc":{"start":{"line":34,"column":4},"end":{"line":38,"column":5}},"type":"if","locations":[{"start":{"line":34,"column":4},"end":{"line":38,"column":5}}]}},"s":{"0":3,"1":3,"2":3,"3":3,"4":0,"5":0,"6":0,"7":0,"8":0,"9":0,"10":0,"11":0,"12":0,"13":0,"14":0,"15":0,"16":0,"17":0,"18":0,"19":0,"20":3},"f":{"0":0,"1":0},"b":{"0":[0],"1":[0]}}
,"C:\\Users\\ADANNA\\Documents\\GENEYSIS-LEARNABLE-WORKS\\Casual-Web-Game-Platform\\backend\\src\\controllers\\user.controller.ts": {"path":"C:\\Users\\ADANNA\\Documents\\GENEYSIS-LEARNABLE-WORKS\\Casual-Web-Game-Platform\\backend\\src\\controllers\\user.controller.ts","statementMap":{"0":{"start":{"line":3,"column":0},"end":{"line":3,"column":40}},"1":{"start":{"line":6,"column":26},"end":{"line":29,"column":2}},"2":{"start":{"line":9,"column":19},"end":{"line":29,"column":2}},"3":{"start":{"line":10,"column":21},"end":{"line":10,"column":31}},"4":{"start":{"line":11,"column":38},"end":{"line":11,"column":46}},"5":{"start":{"line":13,"column":2},"end":{"line":28,"column":3}},"6":{"start":{"line":14,"column":24},"end":{"line":17,"column":null}},"7":{"start":{"line":20,"column":4},"end":{"line":23,"column":5}},"8":{"start":{"line":21,"column":6},"end":{"line":21,"column":58}},"9":{"start":{"line":22,"column":6},"end":{"line":22,"column":13}},"10":{"start":{"line":25,"column":4},"end":{"line":25,"column":73}},"11":{"start":{"line":27,"column":4},"end":{"line":27,"column":62}},"12":{"start":{"line":6,"column":13},"end":{"line":6,"column":26}},"13":{"start":{"line":32,"column":27},"end":{"line":39,"column":2}},"14":{"start":{"line":32,"column":78},"end":{"line":39,"column":2}},"15":{"start":{"line":33,"column":2},"end":{"line":38,"column":3}},"16":{"start":{"line":34,"column":18},"end":{"line":34,"column":35}},"17":{"start":{"line":35,"column":4},"end":{"line":35,"column":32}},"18":{"start":{"line":37,"column":4},"end":{"line":37,"column":69}},"19":{"start":{"line":32,"column":13},"end":{"line":32,"column":27}},"20":{"start":{"line":42,"column":27},"end":{"line":59,"column":2}},"21":{"start":{"line":45,"column":19},"end":{"line":59,"column":2}},"22":{"start":{"line":46,"column":21},"end":{"line":46,"column":31}},"23":{"start":{"line":48,"column":2},"end":{"line":58,"column":3}},"24":{"start":{"line":49,"column":17},"end":{"line":49,"column":44}},"25":{"start":{"line":50,"column":4},"end":{"line":53,"column":5}},"26":{"start":{"line":51,"column":6},"end":{"line":51,"column":58}},"27":{"start":{"line":52,"column":6},"end":{"line":52,"column":13}},"28":{"start":{"line":55,"column":4},"end":{"line":55,"column":31}},"29":{"start":{"line":57,"column":4},"end":{"line":57,"column":68}},"30":{"start":{"line":42,"column":13},"end":{"line":42,"column":27}},"31":{"start":{"line":62,"column":26},"end":{"line":79,"column":2}},"32":{"start":{"line":65,"column":19},"end":{"line":79,"column":2}},"33":{"start":{"line":66,"column":21},"end":{"line":66,"column":31}},"34":{"start":{"line":68,"column":2},"end":{"line":78,"column":3}},"35":{"start":{"line":69,"column":17},"end":{"line":69,"column":53}},"36":{"start":{"line":70,"column":4},"end":{"line":73,"column":5}},"37":{"start":{"line":71,"column":6},"end":{"line":71,"column":58}},"38":{"start":{"line":72,"column":6},"end":{"line":72,"column":13}},"39":{"start":{"line":75,"column":4},"end":{"line":75,"column":54}},"40":{"start":{"line":77,"column":4},"end":{"line":77,"column":68}},"41":{"start":{"line":62,"column":13},"end":{"line":62,"column":26}},"42":{"start":{"line":82,"column":31},"end":{"line":108,"column":2}},"43":{"start":{"line":85,"column":19},"end":{"line":108,"column":2}},"44":{"start":{"line":86,"column":21},"end":{"line":86,"column":31}},"45":{"start":{"line":87,"column":57},"end":{"line":87,"column":65}},"46":{"start":{"line":89,"column":2},"end":{"line":107,"column":3}},"47":{"start":{"line":90,"column":17},"end":{"line":90,"column":44}},"48":{"start":{"line":91,"column":4},"end":{"line":94,"column":5}},"49":{"start":{"line":92,"column":6},"end":{"line":92,"column":58}},"50":{"start":{"line":93,"column":6},"end":{"line":93,"column":13}},"51":{"start":{"line":96,"column":4},"end":{"line":96,"column":45}},"52":{"start":{"line":97,"column":4},"end":{"line":97,"column":57}},"53":{"start":{"line":99,"column":4},"end":{"line":101,"column":5}},"54":{"start":{"line":100,"column":6},"end":{"line":100,"column":52}},"55":{"start":{"line":103,"column":4},"end":{"line":103,"column":22}},"56":{"start":{"line":104,"column":4},"end":{"line":104,"column":61}},"57":{"start":{"line":106,"column":4},"end":{"line":106,"column":71}},"58":{"start":{"line":82,"column":13},"end":{"line":82,"column":31}},"59":{"start":{"line":111,"column":25},"end":{"line":143,"column":2}},"60":{"start":{"line":111,"column":78},"end":{"line":143,"column":2}},"61":{"start":{"line":112,"column":21},"end":{"line":112,"column":31}},"62":{"start":{"line":113,"column":23},"end":{"line":113,"column":31}},"63":{"start":{"line":115,"column":2},"end":{"line":142,"column":3}},"64":{"start":{"line":116,"column":4},"end":{"line":119,"column":5}},"65":{"start":{"line":117,"column":6},"end":{"line":117,"column":80}},"66":{"start":{"line":118,"column":6},"end":{"line":118,"column":13}},"67":{"start":{"line":121,"column":17},"end":{"line":121,"column":51}},"68":{"start":{"line":122,"column":19},"end":{"line":122,"column":55}},"69":{"start":{"line":124,"column":4},"end":{"line":127,"column":5}},"70":{"start":{"line":125,"column":6},"end":{"line":125,"column":68}},"71":{"start":{"line":126,"column":6},"end":{"line":126,"column":13}},"72":{"start":{"line":129,"column":4},"end":{"line":132,"column":5}},"73":{"start":{"line":130,"column":6},"end":{"line":130,"column":54}},"74":{"start":{"line":131,"column":6},"end":{"line":131,"column":24}},"75":{"start":{"line":134,"column":4},"end":{"line":137,"column":5}},"76":{"start":{"line":135,"column":6},"end":{"line":135,"column":54}},"77":{"start":{"line":136,"column":6},"end":{"line":136,"column":26}},"78":{"start":{"line":139,"column":4},"end":{"line":139,"column":60}},"79":{"start":{"line":141,"column":4},"end":{"line":141,"column":69}},"80":{"start":{"line":111,"column":13},"end":{"line":111,"column":25}}},"fnMap":{"0":{"name":"(anonymous_8)","decl":{"start":{"line":6,"column":26},"end":{"line":6,"column":null}},"loc":{"start":{"line":9,"column":19},"end":{"line":29,"column":2}}},"1":{"name":"(anonymous_9)","decl":{"start":{"line":9,"column":19},"end":{"line":9,"column":null}},"loc":{"start":{"line":9,"column":19},"end":{"line":29,"column":1}}},"2":{"name":"(anonymous_10)","decl":{"start":{"line":32,"column":27},"end":{"line":32,"column":34}},"loc":{"start":{"line":32,"column":78},"end":{"line":39,"column":2}}},"3":{"name":"(anonymous_11)","decl":{"start":{"line":32,"column":78},"end":{"line":32,"column":null}},"loc":{"start":{"line":32,"column":78},"end":{"line":39,"column":1}}},"4":{"name":"(anonymous_12)","decl":{"start":{"line":42,"column":27},"end":{"line":42,"column":null}},"loc":{"start":{"line":45,"column":19},"end":{"line":59,"column":2}}},"5":{"name":"(anonymous_13)","decl":{"start":{"line":45,"column":19},"end":{"line":45,"column":null}},"loc":{"start":{"line":45,"column":19},"end":{"line":59,"column":1}}},"6":{"name":"(anonymous_14)","decl":{"start":{"line":62,"column":26},"end":{"line":62,"column":null}},"loc":{"start":{"line":65,"column":19},"end":{"line":79,"column":2}}},"7":{"name":"(anonymous_15)","decl":{"start":{"line":65,"column":19},"end":{"line":65,"column":null}},"loc":{"start":{"line":65,"column":19},"end":{"line":79,"column":1}}},"8":{"name":"(anonymous_16)","decl":{"start":{"line":82,"column":31},"end":{"line":82,"column":null}},"loc":{"start":{"line":85,"column":19},"end":{"line":108,"column":2}}},"9":{"name":"(anonymous_17)","decl":{"start":{"line":85,"column":19},"end":{"line":85,"column":null}},"loc":{"start":{"line":85,"column":19},"end":{"line":108,"column":1}}},"10":{"name":"(anonymous_18)","decl":{"start":{"line":111,"column":25},"end":{"line":111,"column":32}},"loc":{"start":{"line":111,"column":78},"end":{"line":143,"column":2}}},"11":{"name":"(anonymous_19)","decl":{"start":{"line":111,"column":78},"end":{"line":111,"column":null}},"loc":{"start":{"line":111,"column":78},"end":{"line":143,"column":1}}}},"branchMap":{"0":{"loc":{"start":{"line":20,"column":4},"end":{"line":23,"column":5}},"type":"if","locations":[{"start":{"line":20,"column":4},"end":{"line":23,"column":5}}]},"1":{"loc":{"start":{"line":50,"column":4},"end":{"line":53,"column":5}},"type":"if","locations":[{"start":{"line":50,"column":4},"end":{"line":53,"column":5}}]},"2":{"loc":{"start":{"line":70,"column":4},"end":{"line":73,"column":5}},"type":"if","locations":[{"start":{"line":70,"column":4},"end":{"line":73,"column":5}}]},"3":{"loc":{"start":{"line":91,"column":4},"end":{"line":94,"column":5}},"type":"if","locations":[{"start":{"line":91,"column":4},"end":{"line":94,"column":5}}]},"4":{"loc":{"start":{"line":96,"column":29},"end":{"line":96,"column":44}},"type":"binary-expr","locations":[{"start":{"line":96,"column":29},"end":{"line":96,"column":39}},{"start":{"line":96,"column":43},"end":{"line":96,"column":44}}]},"5":{"loc":{"start":{"line":97,"column":35},"end":{"line":97,"column":56}},"type":"binary-expr","locations":[{"start":{"line":97,"column":35},"end":{"line":97,"column":51}},{"start":{"line":97,"column":55},"end":{"line":97,"column":56}}]},"6":{"loc":{"start":{"line":99,"column":4},"end":{"line":101,"column":5}},"type":"if","locations":[{"start":{"line":99,"column":4},"end":{"line":101,"column":5}}]},"7":{"loc":{"start":{"line":99,"column":8},"end":{"line":99,"column":51}},"type":"binary-expr","locations":[{"start":{"line":99,"column":8},"end":{"line":99,"column":20}},{"start":{"line":99,"column":24},"end":{"line":99,"column":51}}]},"8":{"loc":{"start":{"line":116,"column":4},"end":{"line":119,"column":5}},"type":"if","locations":[{"start":{"line":116,"column":4},"end":{"line":119,"column":5}}]},"9":{"loc":{"start":{"line":124,"column":4},"end":{"line":127,"column":5}},"type":"if","locations":[{"start":{"line":124,"column":4},"end":{"line":127,"column":5}}]},"10":{"loc":{"start":{"line":124,"column":8},"end":{"line":124,"column":24}},"type":"binary-expr","locations":[{"start":{"line":124,"column":8},"end":{"line":124,"column":13}},{"start":{"line":124,"column":17},"end":{"line":124,"column":24}}]},"11":{"loc":{"start":{"line":129,"column":4},"end":{"line":132,"column":5}},"type":"if","locations":[{"start":{"line":129,"column":4},"end":{"line":132,"column":5}}]},"12":{"loc":{"start":{"line":134,"column":4},"end":{"line":137,"column":5}},"type":"if","locations":[{"start":{"line":134,"column":4},"end":{"line":137,"column":5}}]}},"s":{"0":3,"1":3,"2":1,"3":1,"4":1,"5":1,"6":1,"7":1,"8":0,"9":0,"10":1,"11":0,"12":3,"13":3,"14":1,"15":1,"16":1,"17":1,"18":0,"19":3,"20":3,"21":1,"22":1,"23":1,"24":1,"25":1,"26":0,"27":0,"28":1,"29":0,"30":3,"31":3,"32":2,"33":2,"34":2,"35":2,"36":2,"37":1,"38":1,"39":1,"40":0,"41":3,"42":3,"43":0,"44":0,"45":0,"46":0,"47":0,"48":0,"49":0,"50":0,"51":0,"52":0,"53":0,"54":0,"55":0,"56":0,"57":0,"58":3,"59":3,"60":0,"61":0,"62":0,"63":0,"64":0,"65":0,"66":0,"67":0,"68":0,"69":0,"70":0,"71":0,"72":0,"73":0,"74":0,"75":0,"76":0,"77":0,"78":0,"79":0,"80":3},"f":{"0":1,"1":1,"2":1,"3":1,"4":1,"5":1,"6":2,"7":2,"8":0,"9":0,"10":0,"11":0},"b":{"0":[0],"1":[0],"2":[1],"3":[0],"4":[0,0],"5":[0,0],"6":[0],"7":[0,0],"8":[0],"9":[0],"10":[0,0],"11":[0],"12":[0]}}
,"C:\\Users\\ADANNA\\Documents\\GENEYSIS-LEARNABLE-WORKS\\Casual-Web-Game-Platform\\backend\\src\\middlewares\\auth.middleware.ts": {"path":"C:\\Users\\ADANNA\\Documents\\GENEYSIS-LEARNABLE-WORKS\\Casual-Web-Game-Platform\\backend\\src\\middlewares\\auth.middleware.ts","statementMap":{"0":{"start":{"line":2,"column":0},"end":{"line":2,"column":31}},"1":{"start":{"line":5,"column":19},"end":{"line":5,"column":51}},"2":{"start":{"line":7,"column":28},"end":{"line":32,"column":1}},"3":{"start":{"line":12,"column":21},"end":{"line":12,"column":46}},"4":{"start":{"line":14,"column":2},"end":{"line":17,"column":3}},"5":{"start":{"line":15,"column":4},"end":{"line":15,"column":75}},"6":{"start":{"line":16,"column":4},"end":{"line":16,"column":11}},"7":{"start":{"line":19,"column":16},"end":{"line":19,"column":40}},"8":{"start":{"line":21,"column":2},"end":{"line":31,"column":3}},"9":{"start":{"line":23,"column":20},"end":{"line":23,"column":49}},"10":{"start":{"line":26,"column":4},"end":{"line":26,"column":32}},"11":{"start":{"line":28,"column":4},"end":{"line":28,"column":11}},"12":{"start":{"line":30,"column":4},"end":{"line":30,"column":55}},"13":{"start":{"line":7,"column":13},"end":{"line":7,"column":28}}},"fnMap":{"0":{"name":"(anonymous_1)","decl":{"start":{"line":7,"column":28},"end":{"line":7,"column":null}},"loc":{"start":{"line":11,"column":10},"end":{"line":32,"column":1}}}},"branchMap":{"0":{"loc":{"start":{"line":14,"column":2},"end":{"line":17,"column":3}},"type":"if","locations":[{"start":{"line":14,"column":2},"end":{"line":17,"column":3}}]},"1":{"loc":{"start":{"line":14,"column":6},"end":{"line":14,"column":54}},"type":"binary-expr","locations":[{"start":{"line":14,"column":6},"end":{"line":14,"column":17}},{"start":{"line":14,"column":21},"end":{"line":14,"column":54}}]}},"s":{"0":3,"1":3,"2":3,"3":3,"4":3,"5":1,"6":1,"7":2,"8":2,"9":2,"10":1,"11":1,"12":1,"13":3},"f":{"0":3},"b":{"0":[1],"1":[3,2]}}
,"C:\\Users\\ADANNA\\Documents\\GENEYSIS-LEARNABLE-WORKS\\Casual-Web-Game-Platform\\backend\\src\\models\\Game.model.ts": {"path":"C:\\Users\\ADANNA\\Documents\\GENEYSIS-LEARNABLE-WORKS\\Casual-Web-Game-Platform\\backend\\src\\models\\Game.model.ts","statementMap":{"0":{"start":{"line":1,"column":0},"end":{"line":1,"column":54}},"1":{"start":{"line":15,"column":27},"end":{"line":51,"column":null}},"2":{"start":{"line":54,"column":0},"end":{"line":54,"column":57}}},"fnMap":{},"branchMap":{},"s":{"0":1,"1":1,"2":1},"f":{},"b":{}}
,"C:\\Users\\ADANNA\\Documents\\GENEYSIS-LEARNABLE-WORKS\\Casual-Web-Game-Platform\\backend\\src\\models\\Leaderboard.model.ts": {"path":"C:\\Users\\ADANNA\\Documents\\GENEYSIS-LEARNABLE-WORKS\\Casual-Web-Game-Platform\\backend\\src\\models\\Leaderboard.model.ts","statementMap":{"0":{"start":{"line":1,"column":0},"end":{"line":1,"column":54}},"1":{"start":{"line":12,"column":26},"end":{"line":34,"column":null}},"2":{"start":{"line":37,"column":0},"end":{"line":37,"column":78}}},"fnMap":{},"branchMap":{},"s":{"0":3,"1":3,"2":3},"f":{},"b":{}}
,"C:\\Users\\ADANNA\\Documents\\GENEYSIS-LEARNABLE-WORKS\\Casual-Web-Game-Platform\\backend\\src\\models\\Session.model.ts": {"path":"C:\\Users\\ADANNA\\Documents\\GENEYSIS-LEARNABLE-WORKS\\Casual-Web-Game-Platform\\backend\\src\\models\\Session.model.ts","statementMap":{"0":{"start":{"line":1,"column":0},"end":{"line":1,"column":54}},"1":{"start":{"line":14,"column":30},"end":{"line":50,"column":null}},"2":{"start":{"line":53,"column":0},"end":{"line":53,"column":66}}},"fnMap":{},"branchMap":{},"s":{"0":3,"1":3,"2":3},"f":{},"b":{}}
,"C:\\Users\\ADANNA\\Documents\\GENEYSIS-LEARNABLE-WORKS\\Casual-Web-Game-Platform\\backend\\src\\models\\user.model.ts": {"path":"C:\\Users\\ADANNA\\Documents\\GENEYSIS-LEARNABLE-WORKS\\Casual-Web-Game-Platform\\backend\\src\\models\\user.model.ts","statementMap":{"0":{"start":{"line":1,"column":0},"end":{"line":1,"column":54}},"1":{"start":{"line":16,"column":27},"end":{"line":59,"column":null}},"2":{"start":{"line":62,"column":0},"end":{"line":62,"column":57}}},"fnMap":{},"branchMap":{},"s":{"0":2,"1":2,"2":2},"f":{},"b":{}}
,"C:\\Users\\ADANNA\\Documents\\GENEYSIS-LEARNABLE-WORKS\\Casual-Web-Game-Platform\\backend\\src\\routes\\auth.routes.ts": {"path":"C:\\Users\\ADANNA\\Documents\\GENEYSIS-LEARNABLE-WORKS\\Casual-Web-Game-Platform\\backend\\src\\routes\\auth.routes.ts","statementMap":{"0":{"start":{"line":1,"column":0},"end":{"line":1,"column":30}},"1":{"start":{"line":2,"column":0},"end":{"line":2,"column":73}},"2":{"start":{"line":4,"column":15},"end":{"line":4,"column":31}},"3":{"start":{"line":6,"column":0},"end":{"line":6,"column":39}},"4":{"start":{"line":7,"column":0},"end":{"line":7,"column":33}},"5":{"start":{"line":9,"column":0},"end":{"line":9,"column":22}}},"fnMap":{},"branchMap":{},"s":{"0":3,"1":3,"2":3,"3":3,"4":3,"5":3},"f":{},"b":{}}
,"C:\\Users\\ADANNA\\Documents\\GENEYSIS-LEARNABLE-WORKS\\Casual-Web-Game-Platform\\backend\\src\\routes\\game.routes.ts": {"path":"C:\\Users\\ADANNA\\Documents\\GENEYSIS-LEARNABLE-WORKS\\Casual-Web-Game-Platform\\backend\\src\\routes\\game.routes.ts","statementMap":{"0":{"start":{"line":1,"column":0},"end":{"line":1,"column":30}},"1":{"start":{"line":2,"column":0},"end":{"line":2,"column":76}},"2":{"start":{"line":4,"column":15},"end":{"line":4,"column":31}},"3":{"start":{"line":6,"column":0},"end":{"line":6,"column":34}},"4":{"start":{"line":7,"column":0},"end":{"line":7,"column":42}},"5":{"start":{"line":9,"column":0},"end":{"line":9,"column":22}}},"fnMap":{},"branchMap":{},"s":{"0":3,"1":3,"2":3,"3":3,"4":3,"5":3},"f":{},"b":{}}
,"C:\\Users\\ADANNA\\Documents\\GENEYSIS-LEARNABLE-WORKS\\Casual-Web-Game-Platform\\backend\\src\\routes\\leaderboard.routes.ts": {"path":"C:\\Users\\ADANNA\\Documents\\GENEYSIS-LEARNABLE-WORKS\\Casual-Web-Game-Platform\\backend\\src\\routes\\leaderboard.routes.ts","statementMap":{"0":{"start":{"line":1,"column":0},"end":{"line":1,"column":30}},"1":{"start":{"line":2,"column":0},"end":{"line":2,"column":62}},"2":{"start":{"line":3,"column":0},"end":{"line":3,"column":null}},"3":{"start":{"line":8,"column":15},"end":{"line":8,"column":31}},"4":{"start":{"line":11,"column":0},"end":{"line":11,"column":39}},"5":{"start":{"line":14,"column":0},"end":{"line":14,"column":42}},"6":{"start":{"line":16,"column":0},"end":{"line":16,"column":22}}},"fnMap":{},"branchMap":{},"s":{"0":3,"1":3,"2":3,"3":3,"4":3,"5":3,"6":3},"f":{},"b":{}}
,"C:\\Users\\ADANNA\\Documents\\GENEYSIS-LEARNABLE-WORKS\\Casual-Web-Game-Platform\\backend\\src\\routes\\session.routes.ts": {"path":"C:\\Users\\ADANNA\\Documents\\GENEYSIS-LEARNABLE-WORKS\\Casual-Web-Game-Platform\\backend\\src\\routes\\session.routes.ts","statementMap":{"0":{"start":{"line":1,"column":0},"end":{"line":1,"column":30}},"1":{"start":{"line":2,"column":0},"end":{"line":2,"column":64}},"2":{"start":{"line":3,"column":0},"end":{"line":3,"column":62}},"3":{"start":{"line":5,"column":15},"end":{"line":5,"column":31}},"4":{"start":{"line":7,"column":0},"end":{"line":7,"column":52}},"5":{"start":{"line":9,"column":0},"end":{"line":9,"column":22}}},"fnMap":{},"branchMap":{},"s":{"0":3,"1":3,"2":3,"3":3,"4":3,"5":3},"f":{},"b":{}}
,"C:\\Users\\ADANNA\\Documents\\GENEYSIS-LEARNABLE-WORKS\\Casual-Web-Game-Platform\\backend\\src\\routes\\user.routes.ts": {"path":"C:\\Users\\ADANNA\\Documents\\GENEYSIS-LEARNABLE-WORKS\\Casual-Web-Game-Platform\\backend\\src\\routes\\user.routes.ts","statementMap":{"0":{"start":{"line":1,"column":0},"end":{"line":1,"column":30}},"1":{"start":{"line":2,"column":0},"end":{"line":2,"column":null}},"2":{"start":{"line":10,"column":0},"end":{"line":10,"column":62}},"3":{"start":{"line":12,"column":15},"end":{"line":12,"column":31}},"4":{"start":{"line":15,"column":0},"end":{"line":15,"column":29}},"5":{"start":{"line":16,"column":0},"end":{"line":16,"column":36}},"6":{"start":{"line":17,"column":0},"end":{"line":17,"column":51}},"7":{"start":{"line":18,"column":0},"end":{"line":18,"column":52}},"8":{"start":{"line":19,"column":0},"end":{"line":19,"column":62}},"9":{"start":{"line":20,"column":0},"end":{"line":20,"column":60}},"10":{"start":{"line":22,"column":0},"end":{"line":22,"column":22}}},"fnMap":{},"branchMap":{},"s":{"0":3,"1":3,"2":3,"3":3,"4":3,"5":3,"6":3,"7":3,"8":3,"9":3,"10":3},"f":{},"b":{}}
,"C:\\Users\\ADANNA\\Documents\\GENEYSIS-LEARNABLE-WORKS\\Casual-Web-Game-Platform\\backend\\src\\services\\auth.service.ts": {"path":"C:\\Users\\ADANNA\\Documents\\GENEYSIS-LEARNABLE-WORKS\\Casual-Web-Game-Platform\\backend\\src\\services\\auth.service.ts","statementMap":{"0":{"start":{"line":1,"column":0},"end":{"line":1,"column":30}},"1":{"start":{"line":2,"column":0},"end":{"line":2,"column":31}},"2":{"start":{"line":3,"column":0},"end":{"line":3,"column":40}},"3":{"start":{"line":4,"column":0},"end":{"line":4,"column":23}},"4":{"start":{"line":6,"column":19},"end":{"line":6,"column":51}},"5":{"start":{"line":8,"column":0},"end":{"line":10,"column":1}},"6":{"start":{"line":9,"column":2},"end":{"line":9,"column":72}},"7":{"start":{"line":12,"column":35},"end":{"line":37,"column":2}},"8":{"start":{"line":16,"column":4},"end":{"line":37,"column":2}},"9":{"start":{"line":17,"column":23},"end":{"line":17,"column":52}},"10":{"start":{"line":18,"column":2},"end":{"line":20,"column":3}},"11":{"start":{"line":19,"column":4},"end":{"line":19,"column":43}},"12":{"start":{"line":22,"column":25},"end":{"line":22,"column":56}},"13":{"start":{"line":24,"column":18},"end":{"line":28,"column":4}},"14":{"start":{"line":30,"column":2},"end":{"line":30,"column":23}},"15":{"start":{"line":32,"column":16},"end":{"line":34,"column":4}},"16":{"start":{"line":36,"column":2},"end":{"line":36,"column":34}},"17":{"start":{"line":12,"column":13},"end":{"line":12,"column":35}},"18":{"start":{"line":39,"column":32},"end":{"line":55,"column":2}},"19":{"start":{"line":39,"column":74},"end":{"line":55,"column":2}},"20":{"start":{"line":40,"column":15},"end":{"line":40,"column":44}},"21":{"start":{"line":41,"column":2},"end":{"line":43,"column":3}},"22":{"start":{"line":42,"column":4},"end":{"line":42,"column":38}},"23":{"start":{"line":45,"column":18},"end":{"line":45,"column":63}},"24":{"start":{"line":46,"column":2},"end":{"line":48,"column":3}},"25":{"start":{"line":47,"column":4},"end":{"line":47,"column":43}},"26":{"start":{"line":50,"column":16},"end":{"line":52,"column":4}},"27":{"start":{"line":54,"column":2},"end":{"line":54,"column":25}},"28":{"start":{"line":39,"column":13},"end":{"line":39,"column":32}}},"fnMap":{"0":{"name":"(anonymous_8)","decl":{"start":{"line":12,"column":35},"end":{"line":12,"column":null}},"loc":{"start":{"line":16,"column":4},"end":{"line":37,"column":2}}},"1":{"name":"(anonymous_9)","decl":{"start":{"line":16,"column":4},"end":{"line":16,"column":null}},"loc":{"start":{"line":16,"column":4},"end":{"line":37,"column":1}}},"2":{"name":"(anonymous_10)","decl":{"start":{"line":39,"column":32},"end":{"line":39,"column":39}},"loc":{"start":{"line":39,"column":74},"end":{"line":55,"column":2}}},"3":{"name":"(anonymous_11)","decl":{"start":{"line":39,"column":74},"end":{"line":39,"column":null}},"loc":{"start":{"line":39,"column":74},"end":{"line":55,"column":1}}}},"branchMap":{"0":{"loc":{"start":{"line":8,"column":0},"end":{"line":10,"column":1}},"type":"if","locations":[{"start":{"line":8,"column":0},"end":{"line":10,"column":1}}]},"1":{"loc":{"start":{"line":18,"column":2},"end":{"line":20,"column":3}},"type":"if","locations":[{"start":{"line":18,"column":2},"end":{"line":20,"column":3}}]},"2":{"loc":{"start":{"line":41,"column":2},"end":{"line":43,"column":3}},"type":"if","locations":[{"start":{"line":41,"column":2},"end":{"line":43,"column":3}}]},"3":{"loc":{"start":{"line":46,"column":2},"end":{"line":48,"column":3}},"type":"if","locations":[{"start":{"line":46,"column":2},"end":{"line":48,"column":3}}]}},"s":{"0":3,"1":3,"2":3,"3":3,"4":3,"5":3,"6":0,"7":3,"8":0,"9":0,"10":0,"11":0,"12":0,"13":0,"14":0,"15":0,"16":0,"17":3,"18":3,"19":0,"20":0,"21":0,"22":0,"23":0,"24":0,"25":0,"26":0,"27":0,"28":3},"f":{"0":0,"1":0,"2":0,"3":0},"b":{"0":[0],"1":[0],"2":[0],"3":[0]}}
,"C:\\Users\\ADANNA\\Documents\\GENEYSIS-LEARNABLE-WORKS\\Casual-Web-Game-Platform\\backend\\src\\services\\userService.ts": {"path":"C:\\Users\\ADANNA\\Documents\\GENEYSIS-LEARNABLE-WORKS\\Casual-Web-Game-Platform\\backend\\src\\services\\userService.ts","statementMap":{"0":{"start":{"line":2,"column":0},"end":{"line":2,"column":40}},"1":{"start":{"line":4,"column":26},"end":{"line":8,"column":2}},"2":{"start":{"line":4,"column":58},"end":{"line":8,"column":2}},"3":{"start":{"line":5,"column":15},"end":{"line":5,"column":29}},"4":{"start":{"line":6,"column":2},"end":{"line":6,"column":20}},"5":{"start":{"line":7,"column":2},"end":{"line":7,"column":14}},"6":{"start":{"line":4,"column":13},"end":{"line":4,"column":26}}},"fnMap":{"0":{"name":"(anonymous_8)","decl":{"start":{"line":4,"column":26},"end":{"line":4,"column":33}},"loc":{"start":{"line":4,"column":58},"end":{"line":8,"column":2}}},"1":{"name":"(anonymous_9)","decl":{"start":{"line":4,"column":58},"end":{"line":4,"column":null}},"loc":{"start":{"line":4,"column":58},"end":{"line":8,"column":1}}}},"branchMap":{},"s":{"0":1,"1":1,"2":0,"3":0,"4":0,"5":0,"6":1},"f":{"0":0,"1":0},"b":{}}
,"C:\\Users\\ADANNA\\Documents\\GENEYSIS-LEARNABLE-WORKS\\Casual-Web-Game-Platform\\backend\\src\\utils\\validate.ts": {"path":"C:\\Users\\ADANNA\\Documents\\GENEYSIS-LEARNABLE-WORKS\\Casual-Web-Game-Platform\\backend\\src\\utils\\validate.ts","statementMap":{"0":{"start":{"line":44,"column":0},"end":{"line":44,"column":16}},"1":{"start":{"line":1,"column":0},"end":{"line":1,"column":24}},"2":{"start":{"line":4,"column":13},"end":{"line":19,"column":3}},"3":{"start":{"line":22,"column":13},"end":{"line":32,"column":3}},"4":{"start":{"line":35,"column":13},"end":{"line":41,"column":3}},"5":{"start":{"line":45,"column":17},"end":{"line":45,"column":39}},"6":{"start":{"line":46,"column":2},"end":{"line":49,"column":3}},"7":{"start":{"line":47,"column":19},"end":{"line":47,"column":40}},"8":{"start":{"line":48,"column":4},"end":{"line":48,"column":38}},"9":{"start":{"line":50,"column":2},"end":{"line":50,"column":46}}},"fnMap":{"0":{"name":"validate","decl":{"start":{"line":44,"column":16},"end":{"line":44,"column":24}},"loc":{"start":{"line":44,"column":65},"end":{"line":51,"column":1}}}},"branchMap":{"0":{"loc":{"start":{"line":46,"column":2},"end":{"line":49,"column":3}},"type":"if","locations":[{"start":{"line":46,"column":2},"end":{"line":49,"column":3}}]}},"s":{"0":3,"1":3,"2":3,"3":3,"4":3,"5":0,"6":0,"7":0,"8":0,"9":0},"f":{"0":0},"b":{"0":[0]}}
}
