TN:
SF:src\app.ts
FN:32,(anonymous_1)
FNF:1
FNH:0
FNDA:0,(anonymous_1)
DA:1,4
DA:2,4
DA:3,4
DA:4,4
DA:5,4
DA:6,4
DA:7,4
DA:8,4
DA:9,4
DA:10,4
DA:12,4
DA:15,4
DA:18,4
DA:19,4
DA:22,4
DA:23,4
DA:24,4
DA:25,4
DA:26,4
DA:29,4
DA:32,4
DA:33,0
DA:36,4
LF:23
LH:22
BRF:0
BRH:0
end_of_record
TN:
SF:src\config\db.ts
FN:4,(anonymous_8)
FN:4,(anonymous_9)
FNF:2
FNH:2
FNDA:1,(anonymous_8)
FNDA:1,(anonymous_9)
DA:1,1
DA:4,1
DA:5,1
DA:6,1
DA:10,1
DA:11,0
DA:12,0
DA:16,1
DA:17,1
DA:18,1
DA:22,0
DA:23,0
DA:24,0
DA:26,0
DA:27,0
DA:31,1
LF:16
LH:9
BRDA:6,0,0,0
BRDA:6,0,1,1
BRDA:10,1,0,0
BRDA:16,2,0,1
BRDA:24,3,0,0
BRDA:24,3,1,0
BRF:6
BRH:2
end_of_record
TN:
SF:src\config\env.ts
FNF:0
FNH:0
DA:1,4
DA:2,4
LF:2
LH:2
BRF:0
BRH:0
end_of_record
TN:
SF:src\controllers\auth.controller.ts
FN:9,(anonymous_7)
FN:12,(anonymous_8)
FN:38,(anonymous_9)
FN:41,(anonymous_10)
FNF:4
FNH:2
FNDA:3,(anonymous_7)
FNDA:3,(anonymous_8)
FNDA:0,(anonymous_9)
FNDA:0,(anonymous_10)
DA:2,4
DA:3,4
DA:9,4
DA:12,3
DA:13,3
DA:15,3
DA:16,0
DA:20,0
DA:23,3
DA:25,3
DA:26,3
DA:31,2
DA:33,1
DA:38,4
DA:41,0
DA:42,0
DA:44,0
DA:45,0
DA:49,0
DA:52,0
DA:54,0
DA:55,0
DA:56,0
DA:58,0
LF:24
LH:12
BRDA:15,0,0,0
BRDA:33,1,0,1
BRDA:33,1,1,0
BRDA:44,2,0,0
BRDA:58,3,0,0
BRDA:58,3,1,0
BRF:6
BRH:1
end_of_record
TN:
SF:src\controllers\game.controller.ts
FN:5,(anonymous_8)
FN:8,(anonymous_9)
FN:18,(anonymous_10)
FN:21,(anonymous_11)
FNF:4
FNH:0
FNDA:0,(anonymous_8)
FNDA:0,(anonymous_9)
FNDA:0,(anonymous_10)
FNDA:0,(anonymous_11)
DA:2,4
DA:5,4
DA:8,0
DA:9,0
DA:10,0
DA:11,0
DA:13,0
DA:18,4
DA:21,0
DA:22,0
DA:24,0
DA:25,0
DA:26,0
DA:27,0
DA:28,0
DA:31,0
DA:33,0
LF:17
LH:3
BRDA:26,0,0,0
BRF:1
BRH:0
end_of_record
TN:
SF:src\controllers\leaderboard.controller.ts
FN:6,(anonymous_8)
FN:9,(anonymous_9)
FN:24,(anonymous_10)
FN:24,(anonymous_11)
FNF:4
FNH:0
FNDA:0,(anonymous_8)
FNDA:0,(anonymous_9)
FNDA:0,(anonymous_10)
FNDA:0,(anonymous_11)
DA:2,4
DA:3,4
DA:6,4
DA:9,0
DA:10,0
DA:11,0
DA:12,0
DA:17,0
DA:19,0
DA:24,4
DA:25,0
DA:26,0
DA:27,0
DA:28,0
DA:31,0
DA:33,0
DA:34,0
DA:35,0
DA:36,0
DA:37,0
DA:40,0
DA:47,0
DA:49,0
DA:50,0
LF:24
LH:4
BRDA:26,0,0,0
BRDA:35,1,0,0
BRF:2
BRH:0
end_of_record
TN:
SF:src\controllers\session.controller.ts
FN:7,(anonymous_8)
FN:10,(anonymous_9)
FNF:2
FNH:0
FNDA:0,(anonymous_8)
FNDA:0,(anonymous_9)
DA:2,4
DA:3,4
DA:4,4
DA:7,4
DA:10,0
DA:11,0
DA:13,0
DA:15,0
DA:16,0
DA:17,0
DA:18,0
DA:22,0
DA:23,0
DA:24,0
DA:25,0
DA:29,0
DA:38,0
DA:41,0
DA:42,0
DA:43,0
DA:45,0
DA:47,0
DA:48,0
DA:49,0
DA:52,0
DA:53,0
LF:26
LH:4
BRDA:16,0,0,0
BRDA:23,1,0,0
BRDA:47,2,0,0
BRDA:47,2,1,0
BRF:4
BRH:0
end_of_record
TN:
SF:src\controllers\user.controller.ts
FN:6,(anonymous_8)
FN:9,(anonymous_9)
FN:32,(anonymous_10)
FN:32,(anonymous_11)
FN:42,(anonymous_12)
FN:45,(anonymous_13)
FN:62,(anonymous_14)
FN:65,(anonymous_15)
FN:82,(anonymous_16)
FN:85,(anonymous_17)
FN:111,(anonymous_18)
FN:111,(anonymous_19)
FNF:12
FNH:8
FNDA:1,(anonymous_8)
FNDA:1,(anonymous_9)
FNDA:1,(anonymous_10)
FNDA:1,(anonymous_11)
FNDA:1,(anonymous_12)
FNDA:1,(anonymous_13)
FNDA:2,(anonymous_14)
FNDA:2,(anonymous_15)
FNDA:0,(anonymous_16)
FNDA:0,(anonymous_17)
FNDA:0,(anonymous_18)
FNDA:0,(anonymous_19)
DA:3,4
DA:6,4
DA:9,1
DA:10,1
DA:11,1
DA:13,1
DA:14,1
DA:20,1
DA:21,0
DA:22,0
DA:25,1
DA:27,0
DA:32,4
DA:33,1
DA:34,1
DA:35,1
DA:37,0
DA:42,4
DA:45,1
DA:46,1
DA:48,1
DA:49,1
DA:50,1
DA:51,0
DA:52,0
DA:55,1
DA:57,0
DA:62,4
DA:65,2
DA:66,2
DA:68,2
DA:69,2
DA:70,2
DA:71,1
DA:72,1
DA:75,1
DA:77,0
DA:82,4
DA:85,0
DA:86,0
DA:87,0
DA:89,0
DA:90,0
DA:91,0
DA:92,0
DA:93,0
DA:96,0
DA:97,0
DA:99,0
DA:100,0
DA:103,0
DA:104,0
DA:106,0
DA:111,4
DA:112,0
DA:113,0
DA:115,0
DA:116,0
DA:117,0
DA:118,0
DA:121,0
DA:122,0
DA:124,0
DA:125,0
DA:126,0
DA:129,0
DA:130,0
DA:131,0
DA:134,0
DA:135,0
DA:136,0
DA:139,0
DA:141,0
LF:73
LH:31
BRDA:20,0,0,0
BRDA:50,1,0,0
BRDA:70,2,0,1
BRDA:91,3,0,0
BRDA:96,4,0,0
BRDA:96,4,1,0
BRDA:97,5,0,0
BRDA:97,5,1,0
BRDA:99,6,0,0
BRDA:99,7,0,0
BRDA:99,7,1,0
BRDA:116,8,0,0
BRDA:124,9,0,0
BRDA:124,10,0,0
BRDA:124,10,1,0
BRDA:129,11,0,0
BRDA:134,12,0,0
BRF:17
BRH:1
end_of_record
TN:
SF:src\middlewares\auth.middleware.ts
FN:5,(anonymous_1)
FNF:1
FNH:1
FNDA:3,(anonymous_1)
DA:2,4
DA:5,4
DA:10,3
DA:12,3
DA:14,1
DA:15,1
DA:18,2
DA:20,2
DA:21,2
DA:23,2
DA:25,1
DA:27,1
DA:29,1
LF:13
LH:13
BRDA:12,0,0,1
BRDA:12,1,0,3
BRDA:12,1,1,2
BRDA:21,2,0,2
BRDA:21,2,1,0
BRF:5
BRH:4
end_of_record
TN:
SF:src\models\Game.model.ts
FNF:0
FNH:0
DA:1,2
DA:15,2
DA:54,2
LF:3
LH:3
BRF:0
BRH:0
end_of_record
TN:
SF:src\models\Leaderboard.model.ts
FNF:0
FNH:0
DA:1,4
DA:12,4
DA:37,4
LF:3
LH:3
BRF:0
BRH:0
end_of_record
TN:
SF:src\models\Session.model.ts
FNF:0
FNH:0
DA:1,3
DA:14,3
DA:53,3
LF:3
LH:3
BRF:0
BRH:0
end_of_record
TN:
SF:src\models\user.model.ts
FNF:0
FNH:0
DA:1,3
DA:16,3
DA:62,3
LF:3
LH:3
BRF:0
BRH:0
end_of_record
TN:
SF:src\routes\auth.routes.ts
FNF:0
FNH:0
DA:1,4
DA:2,4
DA:4,4
DA:6,4
DA:7,4
DA:9,4
LF:6
LH:6
BRF:0
BRH:0
end_of_record
TN:
SF:src\routes\game.routes.ts
FNF:0
FNH:0
DA:1,4
DA:2,4
DA:4,4
DA:6,4
DA:7,4
DA:9,4
LF:6
LH:6
BRF:0
BRH:0
end_of_record
TN:
SF:src\routes\leaderboard.routes.ts
FNF:0
FNH:0
DA:1,4
DA:2,4
DA:3,4
DA:8,4
DA:11,4
DA:14,4
DA:16,4
LF:7
LH:7
BRF:0
BRH:0
end_of_record
TN:
SF:src\routes\session.routes.ts
FNF:0
FNH:0
DA:1,4
DA:2,4
DA:3,4
DA:5,4
DA:7,4
DA:9,4
LF:6
LH:6
BRF:0
BRH:0
end_of_record
TN:
SF:src\routes\user.routes.ts
FNF:0
FNH:0
DA:1,4
DA:2,4
DA:10,4
DA:12,4
DA:15,4
DA:16,4
DA:17,4
DA:18,4
DA:19,4
DA:20,4
DA:22,4
LF:11
LH:11
BRF:0
BRH:0
end_of_record
TN:
SF:src\services\auth.service.ts
FN:12,(anonymous_8)
FN:16,(anonymous_9)
FN:39,(anonymous_10)
FN:39,(anonymous_11)
FNF:4
FNH:2
FNDA:3,(anonymous_8)
FNDA:3,(anonymous_9)
FNDA:0,(anonymous_10)
FNDA:0,(anonymous_11)
DA:1,4
DA:2,4
DA:3,4
DA:4,4
DA:6,4
DA:8,4
DA:9,0
DA:12,4
DA:16,3
DA:17,3
DA:18,3
DA:19,1
DA:22,2
DA:24,2
DA:30,2
DA:32,2
DA:36,2
DA:39,4
DA:40,0
DA:41,0
DA:42,0
DA:45,0
DA:46,0
DA:47,0
DA:50,0
DA:54,0
LF:26
LH:17
BRDA:8,0,0,0
BRDA:18,1,0,1
BRDA:41,2,0,0
BRDA:46,3,0,0
BRF:4
BRH:1
end_of_record
TN:
SF:src\services\userService.ts
FN:4,(anonymous_8)
FN:4,(anonymous_9)
FNF:2
FNH:2
FNDA:1,(anonymous_8)
FNDA:1,(anonymous_9)
DA:2,1
DA:4,1
DA:5,1
DA:6,1
DA:7,1
LF:5
LH:5
BRF:0
BRH:0
end_of_record
TN:
SF:src\utils\validate.ts
FN:44,validate
FNF:1
FNH:0
FNDA:0,validate
DA:1,4
DA:4,4
DA:22,4
DA:35,4
DA:44,4
DA:45,0
DA:46,0
DA:47,0
DA:48,0
DA:50,0
LF:10
LH:5
BRDA:46,0,0,0
BRF:1
BRH:0
end_of_record
